[debug] > Exec(early(addDefaultCommands), None, None)
[debug] > Exec(addDefaultCommands, None, None)
[debug] > Exec(early(initialize), None, None)
[debug] > Exec(initialize, None, None)
[debug] > Exec(boot, None, None)
[debug] > Exec(writeSbtVersion, None, None)
[debug] > Exec(reload, None, None)
[debug] > Exec(sbtStashOnFailure, None, None)
[debug] > Exec(onFailure loadFailed, None, None)
[debug] > Exec(loadp, None, None)
[info] welcome to sbt 1.4.3 (AdoptOpenJDK Java 11.0.10)
[debug]       Load.loadUnit: plugins took 250.9888ms
[debug]       Load.loadUnit: defsScala took 0.784199ms
[debug] [Loading] Scanning directory C:\Users\ahmedmub\.sbt\1.0\plugins
[debug] [Loading] Found non-root projects 
[debug] [Loading] Done in C:\Users\ahmedmub\.sbt\1.0\plugins, returning: ()
[debug] deducing auto plugins based on known facts Set(Atom(sbt.plugins.CorePlugin)) and clauses Clauses(List(Clause(Atom(sbt.plugins.JvmPlugin),Set(Atom(sbt.plugins.IvyPlugin))), Clause(Atom(sbt.ScriptedPlugin),Set(Atom(sbt.plugins.JvmPlugin))), Clause(Atom(sbt.plugins.SbtPlugin),Set(Atom(sbt.ScriptedPlugin))), Clause(Atom(sbt.plugins.SemanticdbPlugin),Set(Atom(sbt.plugins.JvmPlugin))), Clause(Atom(sbt.plugins.JUnitXmlReportPlugin),Set(Atom(sbt.plugins.JvmPlugin))), Clause(Atom(sbt.plugins.MiniDependencyTreePlugin),Set(Atom(sbt.plugins.JvmPlugin))), Clause(Atom(sbt.plugins.CorePlugin),Set(Atom(sbt.plugins.IvyPlugin))), Clause(Atom(sbt.plugins.IvyPlugin),Set(Atom(sbt.plugins.JvmPlugin))), Clause(Atom(sbt.plugins.JvmPlugin),Set(Atom(sbt.plugins.SemanticdbPlugin))), Clause(Atom(sbt.plugins.JvmPlugin),Set(Atom(sbt.plugins.JUnitXmlReportPlugin))), Clause(Atom(sbt.plugins.CorePlugin),Set(Atom(sbt.plugins.Giter8TemplatePlugin))), Clause(Atom(sbt.plugins.JvmPlugin),Set(Atom(sbt.plugins.MiniDependencyTreePlugin)))))
[debug]   :: deduced result: Matched(sbt.plugins.CorePlugin,sbt.plugins.Giter8TemplatePlugin,sbt.plugins.IvyPlugin,sbt.plugins.JvmPlugin,sbt.plugins.MiniDependencyTreePlugin,sbt.plugins.JUnitXmlReportPlugin,sbt.plugins.SemanticdbPlugin)
[debug] Plugins.deducer#function took 51.353501 ms
[debug]           Load.resolveProject(global-plugins) took 105.518799ms
[debug]         Load.loadTransitive: finalizeProject(Project(id global-plugins, base: C:\Users\ahmedmub\.sbt\1.0\plugins, plugins: List(<none>))) took 229.342501ms
[debug] [Loading] Done in C:\Users\ahmedmub\.sbt\1.0\plugins, returning: (global-plugins)
[debug]       Load.loadUnit: loadedProjectsRaw took 286.9462ms
[debug]       Load.loadUnit: cleanEvalClasses took 0.640501ms
[debug]     Load.loadUnit(file:/C:/Users/ahmedmub/.sbt/1.0/plugins/, ...) took 571.4232ms
[debug]   Load.apply: load took 986.5472ms
[debug]   Load.apply: resolveProjects took 12.1529ms
[debug]   Load.apply: finalTransforms took 133.6741ms
[debug]   Load.apply: config.delegates took 13.575401ms
[debug]   Load.apply: Def.make(settings)... took 1653.171501ms
[debug]   Load.apply: structureIndex took 187.380099ms
[debug]   Load.apply: mkStreams took 3.3923ms
[info] loading global plugins from C:\Users\ahmedmub\.sbt\1.0\plugins
[debug] Running task... Cancel: Signal, check cycles: false, forcegc: true
[debug] Load.defaultLoad until apply took 6469.229199ms
[debug]           Load.loadUnit: plugins took 79.1949ms
[debug]           Load.loadUnit: defsScala took 0.008099ms
[debug] [Loading] Scanning directory C:\Users\ahmedmub\workspace\calculator\project
[debug] [Loading] Found non-root projects 
[debug] [Loading] Done in C:\Users\ahmedmub\workspace\calculator\project, returning: ()
[debug] deducing auto plugins based on known facts Set(Atom(sbt.plugins.CorePlugin)) and clauses Clauses(List(Clause(Atom(sbt.plugins.JvmPlugin),Set(Atom(sbt.plugins.IvyPlugin))), Clause(Atom(sbt.ScriptedPlugin),Set(Atom(sbt.plugins.JvmPlugin))), Clause(Atom(sbt.plugins.SbtPlugin),Set(Atom(sbt.ScriptedPlugin))), Clause(Atom(sbt.plugins.SemanticdbPlugin),Set(Atom(sbt.plugins.JvmPlugin))), Clause(Atom(sbt.plugins.JUnitXmlReportPlugin),Set(Atom(sbt.plugins.JvmPlugin))), Clause(Atom(sbt.plugins.MiniDependencyTreePlugin),Set(Atom(sbt.plugins.JvmPlugin))), Clause(Atom(sbt.plugins.CorePlugin),Set(Atom(sbt.plugins.IvyPlugin))), Clause(Atom(sbt.plugins.IvyPlugin),Set(Atom(sbt.plugins.JvmPlugin))), Clause(Atom(sbt.plugins.JvmPlugin),Set(Atom(sbt.plugins.SemanticdbPlugin))), Clause(Atom(sbt.plugins.JvmPlugin),Set(Atom(sbt.plugins.JUnitXmlReportPlugin))), Clause(Atom(sbt.plugins.CorePlugin),Set(Atom(sbt.plugins.Giter8TemplatePlugin))), Clause(Atom(sbt.plugins.JvmPlugin),Set(Atom(sbt.plugins.MiniDependencyTreePlugin)))))
[debug]   :: deduced result: Matched(sbt.plugins.CorePlugin,sbt.plugins.Giter8TemplatePlugin,sbt.plugins.IvyPlugin,sbt.plugins.JvmPlugin,sbt.plugins.MiniDependencyTreePlugin,sbt.plugins.JUnitXmlReportPlugin,sbt.plugins.SemanticdbPlugin)
[debug] Plugins.deducer#function took 4.5648 ms
[debug]               Load.resolveProject(calculator-build) took 3.187ms
[debug]             Load.loadTransitive: finalizeProject(Project(id calculator-build, base: C:\Users\ahmedmub\workspace\calculator\project, plugins: List(<none>))) took 8.896ms
[debug] [Loading] Done in C:\Users\ahmedmub\workspace\calculator\project, returning: (calculator-build)
[debug]           Load.loadUnit: loadedProjectsRaw took 12.7232ms
[debug]           Load.loadUnit: cleanEvalClasses took 0.032299ms
[debug]         Load.loadUnit(file:/C:/Users/ahmedmub/workspace/calculator/project/, ...) took 94.0576ms
[debug]       Load.apply: load took 100.3977ms
[debug]       Load.apply: resolveProjects took 0.225399ms
[debug]       Load.apply: finalTransforms took 30.145799ms
[debug]       Load.apply: config.delegates took 0.9367ms
[debug]       Load.apply: Def.make(settings)... took 196.618ms
[debug]       Load.apply: structureIndex took 74.513601ms
[debug]       Load.apply: mkStreams took 0.0046ms
[info] loading project definition from C:\Users\ahmedmub\workspace\calculator\project
[debug] Running task... Cancel: Signal, check cycles: false, forcegc: true
[debug]     Load.loadUnit: plugins took 2634.6072ms
[debug]     Load.loadUnit: defsScala took 0.006601ms
[debug] [Loading] Scanning directory C:\Users\ahmedmub\workspace\calculator
[debug]       Load.loadUnit: mkEval took 17.657499ms
[debug] [Loading] Found non-root projects 
[debug] [Loading] Done in C:\Users\ahmedmub\workspace\calculator, returning: ()
[debug] deducing auto plugins based on known facts Set(Atom(sbt.plugins.CorePlugin)) and clauses Clauses(List(Clause(Atom(sbt.plugins.JvmPlugin),Set(Atom(sbt.plugins.IvyPlugin))), Clause(Atom(sbt.ScriptedPlugin),Set(Atom(sbt.plugins.JvmPlugin))), Clause(Atom(sbt.plugins.SbtPlugin),Set(Atom(sbt.ScriptedPlugin))), Clause(Atom(sbt.plugins.SemanticdbPlugin),Set(Atom(sbt.plugins.JvmPlugin))), Clause(Atom(sbt.plugins.JUnitXmlReportPlugin),Set(Atom(sbt.plugins.JvmPlugin))), Clause(Atom(sbt.plugins.MiniDependencyTreePlugin),Set(Atom(sbt.plugins.JvmPlugin))), Clause(Atom(sbt.plugins.CorePlugin),Set(Atom(sbt.plugins.IvyPlugin))), Clause(Atom(sbt.plugins.IvyPlugin),Set(Atom(sbt.plugins.JvmPlugin))), Clause(Atom(sbt.plugins.JvmPlugin),Set(Atom(sbt.plugins.SemanticdbPlugin))), Clause(Atom(sbt.plugins.JvmPlugin),Set(Atom(sbt.plugins.JUnitXmlReportPlugin))), Clause(Atom(sbt.plugins.CorePlugin),Set(Atom(sbt.plugins.Giter8TemplatePlugin))), Clause(Atom(sbt.plugins.JvmPlugin),Set(Atom(sbt.plugins.MiniDependencyTreePlugin)))))
[debug]   :: deduced result: Matched(sbt.plugins.CorePlugin,sbt.plugins.Giter8TemplatePlugin,sbt.plugins.IvyPlugin,sbt.plugins.JvmPlugin,sbt.plugins.MiniDependencyTreePlugin,sbt.plugins.JUnitXmlReportPlugin,sbt.plugins.SemanticdbPlugin)
[debug] Plugins.deducer#function took 3.7919 ms
[info] loading settings for project calculator from build.sbt ...
[debug]         Load.resolveProject(calculator) took 6.521ms
[debug]       Load.loadTransitive: finalizeProject(Project(id calculator, base: C:\Users\ahmedmub\workspace\calculator, plugins: List(<none>))) took 11.4355ms
[debug] [Loading] Done in C:\Users\ahmedmub\workspace\calculator, returning: (calculator)
[debug]     Load.loadUnit: loadedProjectsRaw took 7061.4089ms
[debug]     Load.loadUnit: cleanEvalClasses took 43.028601ms
[debug]   Load.loadUnit(file:/C:/Users/ahmedmub/workspace/calculator/, ...) took 9740.635599ms
[debug] Load.apply: load took 9743.9512ms
[debug] Load.apply: resolveProjects took 0.193101ms
[debug] Load.apply: finalTransforms took 16.852299ms
[debug] Load.apply: config.delegates took 0.6413ms
[debug] Load.apply: Def.make(settings)... took 273.984799ms
[debug] Load.apply: structureIndex took 63.9621ms
[debug] Load.apply: mkStreams took 0.0039ms
[info] set current project to calculator (in build file:/C:/Users/ahmedmub/workspace/calculator/)
[debug] > Exec(sbtPopOnFailure, None, None)
[debug] > Exec(resumeFromFailure, None, None)
[debug] > Exec(notifyUsersAboutShell, None, None)
[debug] > Exec(iflast shell, None, None)
[debug] > Exec(shell, None, None)
[info] sbt server started at local:sbt-server-3d1f3ea78f83846ea173
[info] started sbt server
